\BOOKMARK [1][-]{section.3}{\376\377\000I\000n\000t\000r\000o\000d\000u\000c\000t\000i\000o\000n}{}% 1
\BOOKMARK [2][-]{subsection.4}{\376\377\000R\000e\000l\000a\000t\000e\000d\000\040\000w\000o\000r\000k\000\040\000a\000n\000d\000\040\000c\000o\000n\000t\000r\000i\000b\000u\000t\000i\000o\000n\000s}{section.3}% 2
\BOOKMARK [1][-]{section.12}{\376\377\000S\000y\000s\000t\000e\000m\000\040\000M\000o\000d\000e\000l\000\040\000a\000n\000d\000\040\000E\000d\000g\000e\000-\000E\000x\000e\000c\000u\000t\000a\000b\000l\000e\000\040\000S\000i\000g\000n\000a\000l\000\040\000P\000a\000t\000h}{}% 3
\BOOKMARK [2][-]{subsection.13}{\376\377\000P\000o\000w\000e\000r\000\040\000v\000a\000r\000i\000a\000b\000l\000e\000s\000\040\000a\000n\000d\000\040\000d\000i\000r\000e\000c\000t\000l\000y\000\040\000a\000v\000a\000i\000l\000a\000b\000l\000e\000\040\000b\000a\000s\000e\000\040\000s\000i\000g\000n\000a\000l}{section.12}% 4
\BOOKMARK [2][-]{subsection.14}{\376\377\000S\000h\000o\000r\000t\000-\000h\000o\000r\000i\000z\000o\000n\000\040\000f\000o\000r\000e\000c\000a\000s\000t\000i\000n\000g\000\040\000\050\000u\000l\000t\000r\000a\000-\000l\000i\000g\000h\000t\000\051\000\040\000w\000i\000t\000h\000\040\000s\000a\000t\000u\000r\000a\000t\000e\000d\000\040\000t\000r\000e\000n\000d\000\040\000c\000o\000r\000r\000e\000c\000t\000i\000o\000n}{section.12}% 5
\BOOKMARK [2][-]{subsection.21}{\376\377\000S\000O\000C\000\040\000d\000y\000n\000a\000m\000i\000c\000s\000\040\000w\000i\000t\000h\000\040\000c\000h\000a\000r\000g\000e\000/\000d\000i\000s\000c\000h\000a\000r\000g\000e\000\040\000e\000f\000f\000i\000c\000i\000e\000n\000c\000i\000e\000s}{section.12}% 6
\BOOKMARK [2][-]{subsection.23}{\376\377\000S\000O\000C\000-\000s\000a\000f\000e\000\040\000a\000n\000d\000\040\000h\000a\000r\000d\000w\000a\000r\000e\000-\000s\000a\000f\000e\000\040\000p\000o\000w\000e\000r\000\040\000b\000o\000u\000n\000d\000s}{section.12}% 7
\BOOKMARK [2][-]{subsection.27}{\376\377\000P\000C\000C\000\040\000c\000a\000p\000s\000\040\000a\000n\000d\000\040\000f\000o\000r\000e\000c\000a\000s\000t\000-\000d\000e\000r\000i\000v\000e\000d\000\040\000r\000i\000s\000k\000\040\000i\000n\000d\000i\000c\000a\000t\000o\000r\000s}{section.12}% 8
\BOOKMARK [2][-]{subsection.40}{\376\377\000C\000y\000b\000e\000r\000-\000P\000h\000y\000s\000i\000c\000a\000l\000\040\000N\000e\000t\000w\000o\000r\000k\000\040\000U\000n\000c\000e\000r\000t\000a\000i\000n\000t\000y\000\040\000M\000o\000d\000e\000l}{section.12}% 9
\BOOKMARK [1][-]{section.43}{\376\377\000B\000o\000u\000n\000d\000e\000d\000-\000T\000i\000m\000e\000\040\000S\000u\000p\000e\000r\000v\000i\000s\000o\000r\000y\000\040\000A\000l\000g\000o\000r\000i\000t\000h\000m}{}% 10
\BOOKMARK [2][-]{subsection.47}{\376\377\000A\000d\000a\000p\000t\000i\000v\000e\000\040\000r\000e\000s\000e\000r\000v\000e\000\040\000b\000a\000n\000d\000s\000\040\000a\000n\000d\000\040\000r\000e\000s\000e\000r\000v\000e\000\040\000s\000t\000a\000t\000e}{section.43}% 11
\BOOKMARK [2][-]{subsection.51}{\376\377\000P\000r\000i\000o\000r\000i\000t\000y\000\040\000d\000e\000c\000i\000s\000i\000o\000n\000\040\000r\000u\000l\000e\000s}{section.43}% 12
\BOOKMARK [2][-]{subsection.62}{\376\377\000S\000t\000e\000p\000-\000f\000e\000a\000s\000i\000b\000l\000e\000\040\000c\000o\000m\000m\000a\000n\000d\000\040\000s\000y\000n\000t\000h\000e\000s\000i\000s}{section.43}% 13
\BOOKMARK [2][-]{subsection.78}{\376\377\000C\000o\000m\000p\000u\000t\000a\000t\000i\000o\000n\000a\000l\000\040\000C\000o\000m\000p\000l\000e\000x\000i\000t\000y\000\040\000a\000n\000d\000\040\000R\000e\000a\000l\000-\000T\000i\000m\000e\000\040\000F\000e\000a\000s\000i\000b\000i\000l\000i\000t\000y}{section.43}% 14
\BOOKMARK [2][-]{subsection.79}{\376\377\000D\000e\000p\000l\000o\000y\000m\000e\000n\000t\000\040\000M\000a\000p\000p\000i\000n\000g\000\040\000a\000n\000d\000\040\000C\000l\000a\000i\000m\000\040\000B\000o\000u\000n\000d\000a\000r\000y}{section.43}% 15
\BOOKMARK [1][-]{section.82}{\376\377\000S\000o\000f\000t\000w\000a\000r\000e\000\040\000P\000l\000a\000t\000f\000o\000r\000m\000\040\000a\000n\000d\000\040\000E\000v\000a\000l\000u\000a\000t\000i\000o\000n\000\040\000P\000r\000o\000t\000o\000c\000o\000l}{}% 16
\BOOKMARK [2][-]{subsection.83}{\376\377\000T\000e\000s\000t\000\040\000c\000o\000n\000f\000i\000g\000u\000r\000a\000t\000i\000o\000n}{section.82}% 17
\BOOKMARK [2][-]{subsection.84}{\376\377\000S\000o\000f\000t\000w\000a\000r\000e\000\040\000r\000e\000a\000l\000i\000z\000a\000t\000i\000o\000n\000\040\000a\000n\000d\000\040\000r\000e\000s\000u\000l\000t\000\040\000p\000r\000o\000v\000e\000n\000a\000n\000c\000e}{section.82}% 18
\BOOKMARK [2][-]{subsection.85}{\376\377\000D\000a\000t\000a\000\040\000s\000o\000u\000r\000c\000e\000s\000\040\000a\000n\000d\000\040\000s\000y\000n\000t\000h\000e\000t\000i\000c\000\040\000p\000r\000o\000f\000i\000l\000e\000\040\000g\000e\000n\000e\000r\000a\000t\000i\000o\000n}{section.82}% 19
\BOOKMARK [2][-]{subsection.86}{\376\377\000B\000a\000s\000e\000l\000i\000n\000e\000s\000\040\000a\000n\000d\000\040\000r\000e\000f\000e\000r\000e\000n\000c\000e\000\040\000b\000o\000u\000n\000d\000s}{section.82}% 20
\BOOKMARK [2][-]{subsection.88}{\376\377\000M\000e\000t\000r\000i\000c\000s}{section.82}% 21
\BOOKMARK [1][-]{section.112}{\376\377\000R\000e\000s\000u\000l\000t\000s\000:\000\040\000E\000d\000g\000e\000-\000N\000a\000t\000i\000v\000e\000\040\000R\000e\000s\000i\000l\000i\000e\000n\000c\000e\000\040\000a\000n\000d\000\040\000C\000o\000m\000p\000u\000t\000a\000t\000i\000o\000n\000a\000l\000\040\000E\000f\000f\000i\000c\000i\000e\000n\000c\000y}{}% 22
\BOOKMARK [2][-]{subsection.113}{\376\377\000C\000o\000m\000p\000u\000t\000a\000t\000i\000o\000n\000a\000l\000\040\000C\000o\000m\000p\000l\000e\000x\000i\000t\000y\000\040\000a\000n\000d\000\040\000R\000e\000a\000l\000-\000T\000i\000m\000e\000\040\000V\000i\000a\000b\000i\000l\000i\000t\000y}{section.112}% 23
\BOOKMARK [2][-]{subsection.116}{\376\377\000C\000y\000b\000e\000r\000-\000P\000h\000y\000s\000i\000c\000a\000l\000\040\000N\000e\000t\000w\000o\000r\000k\000\040\000R\000e\000s\000i\000l\000i\000e\000n\000c\000e\000\040\000u\000n\000d\000e\000r\000\040\000D\000i\000s\000c\000o\000n\000n\000e\000c\000t\000i\000o\000n}{section.112}% 24
\BOOKMARK [2][-]{subsection.119}{\376\377\000C\000o\000m\000p\000l\000i\000a\000n\000c\000e\000\040\000B\000e\000h\000a\000v\000i\000o\000r\000\040\000a\000n\000d\000\040\000B\000a\000t\000t\000e\000r\000y\000\040\000S\000t\000r\000e\000s\000s}{section.112}% 25
\BOOKMARK [1][-]{section.138}{\376\377\000T\000h\000r\000e\000a\000t\000s\000\040\000t\000o\000\040\000v\000a\000l\000i\000d\000i\000t\000y}{}% 26
\BOOKMARK [1][-]{section.139}{\376\377\000C\000o\000n\000c\000l\000u\000s\000i\000o\000n}{}% 27
